<?xml version="1.0" encoding="UTF-8"?>
<!-- Generated by org.testng.reporters.JUnitXMLReporter -->
<testsuite ignored="1" hostname="Mainullaptop" failures="0" tests="4" name="PracticeTestngGroup" time="0.058" errors="0" timestamp="2023-11-05T01:04:44 EDT">
  <testcase classname="com.testng.practice.PracticeTestngMethods" name="login" time="0.006"/>
  <testcase classname="com.testng.practice.PracticeTestngMethods" name="dress" time="0.001"/>
  <testcase classname="com.testng.practice.PracticeTestngMethods" name="cart" time="0.002"/>
  <testcase classname="com.testng.practice.PracticeTestngMethods" name="placeOrder" time="0.001"/>
  <testcase classname="com.testng.practice.PracticeTestngMethods" name="payment" time="0.0">
    <ignored/>
  </testcase> <!-- payment -->
</testsuite> <!-- PracticeTestngGroup -->
